<?xml version="1.0" encoding="UTF-8"?>
<!-- Generated by org.testng.reporters.JUnitXMLReporter -->
<testsuite ignored="0" hostname="LAPTOP-7NUDA82T" failures="0" tests="9" name="Default test" time="3942.512" errors="0" timestamp="2021-03-13T20:57:06 IST">
  <testcase classname="com.ul.qa.testcases.ValidateBookDetails" name="@BeforeClass initialiseSetUp" time="3928.369">
    <failure type="java.util.NoSuchElementException">
      <![CDATA[java.util.NoSuchElementException
at java.base/java.util.Scanner.throwFor(Scanner.java:937)
at java.base/java.util.Scanner.next(Scanner.java:1478)
at com.ul.qa.base.TestBase.driver(TestBase.java:29)
at com.ul.qa.testcases.ValidateBookDetails.initialiseSetUp(ValidateBookDetails.java:25)
at java.base/jdk.internal.reflect.NativeMethodAccessorImpl.invoke0(Native Method)
at java.base/jdk.internal.reflect.NativeMethodAccessorImpl.invoke(NativeMethodAccessorImpl.java:64)
at java.base/jdk.internal.reflect.DelegatingMethodAccessorImpl.invoke(DelegatingMethodAccessorImpl.java:43)
at java.base/java.lang.reflect.Method.invoke(Method.java:564)
at org.testng.internal.MethodInvocationHelper.invokeMethod(MethodInvocationHelper.java:133)
at org.testng.internal.MethodInvocationHelper.invokeMethodConsideringTimeout(MethodInvocationHelper.java:62)
at org.testng.internal.ConfigInvoker.invokeConfigurationMethod(ConfigInvoker.java:340)
at org.testng.internal.ConfigInvoker.invokeConfigurations(ConfigInvoker.java:294)
at org.testng.internal.TestMethodWorker.invokeBeforeClassMethods(TestMethodWorker.java:176)
at org.testng.internal.TestMethodWorker.run(TestMethodWorker.java:122)
at java.base/java.util.ArrayList.forEach(ArrayList.java:1511)
at org.testng.TestRunner.privateRun(TestRunner.java:770)
at org.testng.TestRunner.run(TestRunner.java:591)
at org.testng.SuiteRunner.runTest(SuiteRunner.java:402)
at org.testng.SuiteRunner.runSequentially(SuiteRunner.java:396)
at org.testng.SuiteRunner.privateRun(SuiteRunner.java:355)
at org.testng.SuiteRunner.run(SuiteRunner.java:304)
at org.testng.SuiteRunnerWorker.runSuite(SuiteRunnerWorker.java:53)
at org.testng.SuiteRunnerWorker.run(SuiteRunnerWorker.java:96)
at org.testng.TestNG.runSuitesSequentially(TestNG.java:1180)
at org.testng.TestNG.runSuitesLocally(TestNG.java:1102)
at org.testng.TestNG.runSuites(TestNG.java:1032)
at org.testng.TestNG.run(TestNG.java:1000)
at org.testng.remote.AbstractRemoteTestNG.run(AbstractRemoteTestNG.java:115)
at org.testng.remote.RemoteTestNG.initAndRun(RemoteTestNG.java:251)
at org.testng.remote.RemoteTestNG.main(RemoteTestNG.java:77)
]]>
    </failure>
  </testcase> <!-- @BeforeClass initialiseSetUp -->
  <testcase classname="com.ul.qa.testcases.ValidateBookDetails" name="@AfterClass tearDown" time="-1.61564922019E9">
    <skipped/>
  </testcase> <!-- @AfterClass tearDown -->
  <testcase classname="com.ul.qa.testcases.ValidateBookDetails" name="homePageTitleTest" time="0.0">
    <skipped/>
  </testcase> <!-- homePageTitleTest -->
  <testcase classname="com.ul.qa.testcases.ValidateBookDetails" name="closePopUpTest" time="0.0">
    <skipped/>
  </testcase> <!-- closePopUpTest -->
  <testcase classname="com.ul.qa.testcases.ValidateBookDetails" name="searchBoxTest" time="0.0">
    <skipped/>
  </testcase> <!-- searchBoxTest -->
  <testcase classname="com.ul.qa.testcases.ValidateBookDetails" name="searchButtonTest" time="0.0">
    <skipped/>
  </testcase> <!-- searchButtonTest -->
  <testcase classname="com.ul.qa.testcases.ValidateBookDetails" name="categoryTest" time="0.0">
    <skipped/>
  </testcase> <!-- categoryTest -->
  <testcase classname="com.ul.qa.testcases.ValidateBookDetails" name="storageTypeTest" time="0.0">
    <skipped/>
  </testcase> <!-- storageTypeTest -->
  <testcase classname="com.ul.qa.testcases.ValidateBookDetails" name="outOfStockTest" time="0.0">
    <skipped/>
  </testcase> <!-- outOfStockTest -->
  <testcase classname="com.ul.qa.testcases.ValidateBookDetails" name="RecommandationTest" time="0.0">
    <skipped/>
  </testcase> <!-- RecommandationTest -->
  <testcase classname="com.ul.qa.testcases.ValidateBookDetails" name="bookDetailsTest" time="0.0">
    <skipped/>
  </testcase> <!-- bookDetailsTest -->
</testsuite> <!-- Default test -->
